[0mGET / [36m304[0m 66.378 ms - -[0m
[0mGET / [36m304[0m 57.515 ms - -[0m
[0mGET / [31m500[0m 461.391 ms - 148[0m
[0mGET / [31m500[0m 741.620 ms - 148[0m
[0mGET / [31m500[0m 68.676 ms - 148[0m
[0mGET / [32m200[0m 1590.496 ms - 2024[0m
[0mGET /favicon.ico [33m404[0m 25.702 ms - 150[0m
[0mGET / [36m304[0m 69.292 ms - -[0m
[0mGET /user/signin [32m200[0m 24.463 ms - 1546[0m
[0mGET /user/css/layout.css [33m404[0m 7.563 ms - 158[0m
[0mPOST /user/signin-user [36m302[0m 468.721 ms - 68[0m
[0mGET /user/signin [32m200[0m 5.854 ms - 1793[0m
[0mGET /user/css/layout.css [33m404[0m 3.101 ms - 158[0m
[0mGET /user/auth/google [36m302[0m 26.586 ms - 0[0m
[0mGET /user/auth/google/callback?code=4%2F2AHMOP6dAXw7zQTBPUpAV-5UMLfaSnEL8J6cZnnH1ANr35eZwoNxa4ynnVx7_BtY9OUhLBfilYhbT01nSPoBJNk&scope=email+profile+https%3A%2F%2Fwww.googleapis.com%2Fauth%2Fuserinfo.email+openid+https%3A%2F%2Fwww.googleapis.com%2Fauth%2Fuserinfo.profile&authuser=0&prompt=none [36m302[0m 2315.941 ms - 46[0m
[0mGET / [31m500[0m 28.070 ms - 148[0m
[0mGET / [31m500[0m 112.458 ms - 148[0m
[0mGET / [31m500[0m 23.876 ms - 148[0m
[0mGET / [31m500[0m 23.124 ms - 148[0m
[0mGET / [32m200[0m 121.397 ms - 3109[0m
[0mGET /user/signout [36m302[0m 16.286 ms - 46[0m
[0mGET / [32m200[0m 15.247 ms - 2268[0m
[0mGET /user/signin [32m200[0m 11.112 ms - 1546[0m
[0mGET /user/css/layout.css [33m404[0m 6.550 ms - 158[0m
[0mGET /user/auth/google [36m302[0m 12.933 ms - 0[0m
[0mGET /user/auth/google/callback?code=4%2F2AHalgOFTT3WHSn3QnyIJdGJSZxyG2wZlky0SlwE6ZMl6ec0jjcvuDWfvrt2gGagB0VCRGd0JlZLTNMFUwJk0RY&scope=email+profile+https%3A%2F%2Fwww.googleapis.com%2Fauth%2Fuserinfo.email+openid+https%3A%2F%2Fwww.googleapis.com%2Fauth%2Fuserinfo.profile&authuser=0&prompt=none [36m302[0m 622.717 ms - 46[0m
[0mGET / [32m200[0m 19.364 ms - 3364[0m
[0mGET /user/profile/5f10ab68c0a5243f80783103 [31m500[0m 84.348 ms - 148[0m
[0mGET /user/profile/5f10ab68c0a5243f80783103 [31m500[0m 16.940 ms - 148[0m
[0mGET /user/profile/5f10ab68c0a5243f80783103 [31m500[0m 16.442 ms - 148[0m
[0mGET /user/profile/5f10ab68c0a5243f80783103 [31m500[0m 21.265 ms - 148[0m
[0mGET /user/profile/5f10ab68c0a5243f80783103 [31m500[0m 13.970 ms - 148[0m
[0mGET /user/profile/5f10ab68c0a5243f80783103 [32m200[0m 99.089 ms - 1724[0m
[0mGET /user/profile/css/layout.css [33m404[0m 31.035 ms - 166[0m
[0mGET /user/profile/js/profile_friend.js [33m404[0m 31.846 ms - 172[0m
[0mGET /user/signout [36m302[0m 24.806 ms - 46[0m
[0mGET / [32m200[0m 32.564 ms - 2268[0m
[0mGET / [32m200[0m 13.928 ms - 2025[0m
[0mGET /user/signin [36m304[0m 6.907 ms - -[0m
[0mGET /user/css/layout.css [33m404[0m 4.994 ms - 158[0m
[0mGET /user/auth/google [36m302[0m 10.750 ms - 0[0m
[0mGET /user/auth/google/callback?code=4%2F2AHBwOfvrbxpI0Kd0QGG8AP6wP62OyMacV2kmH4s3RJA7x__OUfWWi7ckKexIqy0NCKYQZVQl51iXoRo4MyPMOc&scope=email+profile+openid+https%3A%2F%2Fwww.googleapis.com%2Fauth%2Fuserinfo.email+https%3A%2F%2Fwww.googleapis.com%2Fauth%2Fuserinfo.profile&authuser=0&prompt=none [36m302[0m 691.795 ms - 46[0m
[0mGET / [32m200[0m 33.410 ms - 3364[0m
[0mGET /user/profile/5f10ab68c0a5243f80783103 [36m304[0m 18.852 ms - -[0m
[0mGET /user/profile/css/layout.css [33m404[0m 15.798 ms - 166[0m
[0mGET /user/profile/js/profile_friend.js [33m404[0m 18.524 ms - 172[0m
[0mGET /user/profile/5f10ab68c0a5243f80783103 [36m304[0m 13.621 ms - -[0m
[0mGET /user/profile/css/layout.css [33m404[0m 19.192 ms - 166[0m
[0mGET /user/profile/js/profile_friend.js [33m404[0m 23.204 ms - 172[0m
[0mGET / [32m200[0m 26.552 ms - 3109[0m
[0mGET /user/profile/5f10ab68c0a5243f80783103 [36m304[0m 42.748 ms - -[0m
[0mGET /user/profile/css/layout.css [33m404[0m 13.609 ms - 166[0m
[0mGET /user/profile/js/profile_friend.js [33m404[0m 14.372 ms - 172[0m
[0mPOST /post/create [32m200[0m 367.287 ms - 262[0m
[0mPOST /comment/create [32m200[0m 400.696 ms - 321[0m
[0mGET /comment/delete/5f10ae212a662c3b80d8d492 [32m200[0m 186.455 ms - 77[0m
[0mPOST /comment/create [32m200[0m 19.397 ms - 321[0m
[0mPOST /like/toggle/?id=5f10ae252a662c3b80d8d494&type=Comment [33m404[0m 7.468 ms - 152[0m
[0mPOST /like/toggle/?id=5f10ae1d2a662c3b80d8d491&type=Post [33m404[0m 5.812 ms - 152[0m
[0mGET /user/profile/5f10ab68c0a5243f80783103 [36m304[0m 17.690 ms - -[0m
[0mGET /user/profile/css/layout.css [33m404[0m 14.768 ms - 166[0m
[0mGET /user/profile/js/profile_friend.js [33m404[0m 8.735 ms - 172[0m
[0mGET / [32m200[0m 159.731 ms - 4667[0m
[0mGET / [36m304[0m 26.819 ms - -[0m
[0mGET /user/profile/5f10ab68c0a5243f80783103 [36m304[0m 12.182 ms - -[0m
[0mGET /user/profile/css/layout.css [33m404[0m 10.279 ms - 166[0m
[0mGET /user/profile/js/profile_friend.js [33m404[0m 10.617 ms - 172[0m
[0mGET /user/profile/5f10ab68c0a5243f80783103 [36m304[0m 11.351 ms - -[0m
[0mGET /user/profile/css/layout.css [33m404[0m 7.642 ms - 166[0m
[0mGET /user/profile/js/profile_friend.js [33m404[0m 8.697 ms - 172[0m
